<?xml version="1.0" encoding="UTF-8"?>
<!-- Generated by org.testng.reporters.JUnitReportReporter -->
<testsuite hostname="DESKTOP-3BKRARD" failures="0" tests="2" name="Test.newTest" time="34.594" errors="0" timestamp="2023-05-14T14:10:34 IST" skipped="0">
  <testcase classname="Test.newTest" name="loginTest1" time="15.767"/>
  <system-out/>
  <testcase classname="Test.newTest" name="loginTest2" time="18.827"/>
  <system-out/>
</testsuite> <!-- Test.newTest -->
