<?xml version="1.0" encoding="UTF-8"?>
<!-- Generated by org.testng.reporters.JUnitReportReporter -->
<testsuite hostname="DESKTOP-3BKRARD" failures="0" tests="2" name="Test.newTest2" time="35.340" errors="0" timestamp="2023-05-14T14:10:34 IST" skipped="0">
  <testcase classname="Test.newTest2" name="loginTest4" time="15.508"/>
  <system-out/>
  <testcase classname="Test.newTest2" name="loginTest3" time="19.832"/>
  <system-out/>
</testsuite> <!-- Test.newTest2 -->
